Using pre-set license
Built from '2021.3/staging' branch; Version is '2021.3.11f1 (0a5ca18544bf) revision 679073'; Using compiler version '192829333'; Build Type 'Release'
OS: 'Windows 10  (10.0.19044) 64bit Core' Language: 'es' Physical Memory: 16309 MB
BatchMode: 1, IsHumanControllingUs: 0, StartBugReporterOnCrash: 0, Is64bit: 1, IsPro: 1

COMMAND LINE ARGUMENTS:
E:\2021.3.11f1\Editor\Unity.exe
-adb2
-batchMode
-noUpm
-name
AssetImportWorker2
-projectPath
E:/Universidad/2oCuatri 2o/GPC/Pr3
-logFile
Logs/AssetImportWorker2.log
-srvPort
58001
Successfully changed project path to: E:/Universidad/2oCuatri 2o/GPC/Pr3
E:/Universidad/2oCuatri 2o/GPC/Pr3
[UnityMemory] Configuration Parameters - Can be set up in boot.config
    "memorysetup-bucket-allocator-granularity=16"
    "memorysetup-bucket-allocator-bucket-count=8"
    "memorysetup-bucket-allocator-block-size=33554432"
    "memorysetup-bucket-allocator-block-count=8"
    "memorysetup-main-allocator-block-size=16777216"
    "memorysetup-thread-allocator-block-size=16777216"
    "memorysetup-gfx-main-allocator-block-size=16777216"
    "memorysetup-gfx-thread-allocator-block-size=16777216"
    "memorysetup-cache-allocator-block-size=4194304"
    "memorysetup-typetree-allocator-block-size=2097152"
    "memorysetup-profiler-bucket-allocator-granularity=16"
    "memorysetup-profiler-bucket-allocator-bucket-count=8"
    "memorysetup-profiler-bucket-allocator-block-size=33554432"
    "memorysetup-profiler-bucket-allocator-block-count=8"
    "memorysetup-profiler-allocator-block-size=16777216"
    "memorysetup-profiler-editor-allocator-block-size=1048576"
    "memorysetup-temp-allocator-size-main=16777216"
    "memorysetup-job-temp-allocator-block-size=2097152"
    "memorysetup-job-temp-allocator-block-size-background=1048576"
    "memorysetup-job-temp-allocator-reduction-small-platforms=262144"
    "memorysetup-temp-allocator-size-background-worker=32768"
    "memorysetup-temp-allocator-size-job-worker=262144"
    "memorysetup-temp-allocator-size-preload-manager=33554432"
    "memorysetup-temp-allocator-size-nav-mesh-worker=65536"
    "memorysetup-temp-allocator-size-audio-worker=65536"
    "memorysetup-temp-allocator-size-cloud-worker=32768"
    "memorysetup-temp-allocator-size-gi-baking-worker=262144"
    "memorysetup-temp-allocator-size-gfx=262144"
Refreshing native plugins compatible for Editor in 26.99 ms, found 2 plugins.
Preloading 0 native plugins for Editor in 0.00 ms.
Initialize engine version: 2021.3.11f1 (0a5ca18544bf)
[Subsystems] Discovering subsystems at path E:/2021.3.11f1/Editor/Data/Resources/UnitySubsystems
[Subsystems] Discovering subsystems at path E:/Universidad/2oCuatri 2o/GPC/Pr3/Assets
GfxDevice: creating device client; threaded=0; jobified=0
Direct3D:
    Version:  Direct3D 11.0 [level 11.1]
    Renderer: NVIDIA GeForce RTX 2060 SUPER (ID=0x1f06)
    Vendor:   NVIDIA
    VRAM:     8031 MB
    Driver:   31.0.15.1748
Initialize mono
Mono path[0] = 'E:/2021.3.11f1/Editor/Data/Managed'
Mono path[1] = 'E:/2021.3.11f1/Editor/Data/MonoBleedingEdge/lib/mono/unityjit-win32'
Mono config path = 'E:/2021.3.11f1/Editor/Data/MonoBleedingEdge/etc'
Using monoOptions --debugger-agent=transport=dt_socket,embedding=1,server=y,suspend=n,address=127.0.0.1:56356
Begin MonoManager ReloadAssembly
Registering precompiled unity dll's ...
Register platform support module: E:/2021.3.11f1/Editor/Data/PlaybackEngines/WebGLSupport/UnityEditor.WebGL.Extensions.dll
Register platform support module: E:/2021.3.11f1/Editor/Data/PlaybackEngines/WindowsStandaloneSupport/UnityEditor.WindowsStandalone.Extensions.dll
Registered in 0.002400 seconds.
Native extension for WindowsStandalone target not found
Native extension for WebGL target not found
Refreshing native plugins compatible for Editor in 27.67 ms, found 2 plugins.
Preloading 0 native plugins for Editor in 0.00 ms.
Mono: successfully reloaded assembly
- Completed reload, in  0.499 seconds
Domain Reload Profiling:
	ReloadAssembly (499ms)
		BeginReloadAssembly (75ms)
			ExecutionOrderSort (0ms)
			DisableScriptedObjects (0ms)
			BackupInstance (0ms)
			ReleaseScriptingObjects (0ms)
			CreateAndSetChildDomain (1ms)
		EndReloadAssembly (336ms)
			LoadAssemblies (75ms)
			RebuildTransferFunctionScriptingTraits (0ms)
			SetupTypeCache (90ms)
			ReleaseScriptCaches (0ms)
			RebuildScriptCaches (23ms)
			SetupLoadedEditorAssemblies (184ms)
				LogAssemblyErrors (0ms)
				InitializePlatformSupportModulesInManaged (7ms)
				SetLoadedEditorAssemblies (0ms)
				RefreshPlugins (28ms)
				BeforeProcessingInitializeOnLoad (1ms)
				ProcessInitializeOnLoadAttributes (113ms)
				ProcessInitializeOnLoadMethodAttributes (35ms)
				AfterProcessingInitializeOnLoad (0ms)
				EditorAssembliesLoaded (0ms)
			ExecutionOrderSort2 (0ms)
			AwakeInstancesAfterBackupRestoration (0ms)
Platform modules already initialized, skipping
Registering precompiled user dll's ...
Registered in 0.002884 seconds.
Begin MonoManager ReloadAssembly
Native extension for WindowsStandalone target not found
Native extension for WebGL target not found
Refreshing native plugins compatible for Editor in 0.37 ms, found 2 plugins.
Preloading 0 native plugins for Editor in 0.00 ms.
Mono: successfully reloaded assembly
- Completed reload, in  0.710 seconds
Domain Reload Profiling:
	ReloadAssembly (710ms)
		BeginReloadAssembly (107ms)
			ExecutionOrderSort (0ms)
			DisableScriptedObjects (5ms)
			BackupInstance (0ms)
			ReleaseScriptingObjects (0ms)
			CreateAndSetChildDomain (18ms)
		EndReloadAssembly (509ms)
			LoadAssemblies (77ms)
			RebuildTransferFunctionScriptingTraits (0ms)
			SetupTypeCache (153ms)
			ReleaseScriptCaches (0ms)
			RebuildScriptCaches (33ms)
			SetupLoadedEditorAssemblies (235ms)
				LogAssemblyErrors (0ms)
				InitializePlatformSupportModulesInManaged (4ms)
				SetLoadedEditorAssemblies (0ms)
				RefreshPlugins (0ms)
				BeforeProcessingInitializeOnLoad (39ms)
				ProcessInitializeOnLoadAttributes (164ms)
				ProcessInitializeOnLoadMethodAttributes (25ms)
				AfterProcessingInitializeOnLoad (3ms)
				EditorAssembliesLoaded (0ms)
			ExecutionOrderSort2 (0ms)
			AwakeInstancesAfterBackupRestoration (5ms)
Platform modules already initialized, skipping
========================================================================
Worker process is ready to serve import requests
Launched and connected shader compiler UnityShaderCompiler.exe after 0.22 seconds
Refreshing native plugins compatible for Editor in 0.40 ms, found 2 plugins.
Preloading 0 native plugins for Editor in 0.00 ms.
Unloading 1692 Unused Serialized files (Serialized files now loaded: 0)
Unloading 19 unused Assets / (49.1 KB). Loaded Objects now: 2158.
Memory consumption went from 74.4 MB to 74.3 MB.
Total: 3.155200 ms (FindLiveObjects: 0.250100 ms CreateObjectMapping: 0.060900 ms MarkObjects: 2.742200 ms  DeleteObjects: 0.100800 ms)

AssetImportParameters requested are different than current active one (requested -> active):
  custom:video-decoder-ogg-theora: a1e56fd34408186e4bbccfd4996cb3dc -> 
  custom:container-muxer-webm: aa71ff27fc2769a1b78a27578f13a17b -> 
  custom:container-demuxer-webm: 4f35f7cbe854078d1ac9338744f61a02 -> 
  custom:video-encoder-webm-vp8: eb34c28f22e8b96e1ab97ce403110664 -> 
  custom:audio-encoder-webm-vorbis: bf7c407c2cedff20999df2af8eb42d56 -> 
  custom:framework-win-MediaFoundation: 216162199b28c13a410421893ffa2e32 -> 
  custom:container-demuxer-ogg: 62fdf1f143b41e24485cea50d1cbac27 -> 
  custom:video-decoder-webm-vp8: 9c59270c3fd7afecdb556c50c9e8de78 -> 
  custom:audio-decoder-ogg-vorbis: bf7c407c2cedff20999df2af8eb42d56 -> 
========================================================================
Received Import Request.
  Time since last request: 349650.716849 seconds.
  path: Assets/GPC/Shaders/Pr3 Completa/Inflacion.shader
  artifactKey: Guid(0410b7be0cd828749a7e70a5b8cecf10) Importer(815301076,1909f56bfc062723c751e8b465ee728b)
Start importing Assets/GPC/Shaders/Pr3 Completa/Inflacion.shader using Guid(0410b7be0cd828749a7e70a5b8cecf10) Importer(815301076,1909f56bfc062723c751e8b465ee728b)  -> (artifact id: '276423c4a7e84919994c5a79cacd4276') in 0.023118 seconds 
========================================================================
Received Import Request.
  Time since last request: 1.542549 seconds.
  path: Assets/GPC/Shaders/Pr3 Completa/Interferencia.shader
  artifactKey: Guid(0dc53c52ffcfc5842b20e7a21b758850) Importer(815301076,1909f56bfc062723c751e8b465ee728b)
Start importing Assets/GPC/Shaders/Pr3 Completa/Interferencia.shader using Guid(0dc53c52ffcfc5842b20e7a21b758850) Importer(815301076,1909f56bfc062723c751e8b465ee728b)  -> (artifact id: 'a33498fa70147befd1764e12e1eebb07') in 0.005881 seconds 
========================================================================
Received Import Request.
  Time since last request: 3.077418 seconds.
  path: Assets/GPC/Shaders/Pr3 Completa/Pr3.unity
  artifactKey: Guid(16b7dd35815849d458b7b8817beca14a) Importer(815301076,1909f56bfc062723c751e8b465ee728b)
Start importing Assets/GPC/Shaders/Pr3 Completa/Pr3.unity using Guid(16b7dd35815849d458b7b8817beca14a) Importer(815301076,1909f56bfc062723c751e8b465ee728b)  -> (artifact id: 'a01c4df5576618482dde8e53fb617541') in 0.005858 seconds 
========================================================================
Received Import Request.
  Time since last request: 0.488644 seconds.
  path: Assets/GPC/Shaders/Pr3 Completa/TimeLapse.cs
  artifactKey: Guid(b64c56241879fa44c986c3d6cb7e47fc) Importer(815301076,1909f56bfc062723c751e8b465ee728b)
Start importing Assets/GPC/Shaders/Pr3 Completa/TimeLapse.cs using Guid(b64c56241879fa44c986c3d6cb7e47fc) Importer(815301076,1909f56bfc062723c751e8b465ee728b)  -> (artifact id: '5022b89d853445c4cb9d66292f813a9b') in 0.006585 seconds 
========================================================================
Received Import Request.
  Time since last request: 0.942954 seconds.
  path: Assets/GPC/Shaders/Pr3 Completa/TimeLapse2.cs
  artifactKey: Guid(731d8f325c4ea7440a64cbb47c1c2cae) Importer(815301076,1909f56bfc062723c751e8b465ee728b)
Start importing Assets/GPC/Shaders/Pr3 Completa/TimeLapse2.cs using Guid(731d8f325c4ea7440a64cbb47c1c2cae) Importer(815301076,1909f56bfc062723c751e8b465ee728b)  -> (artifact id: 'd03e27f31b91c7c2b26a2e01002eb68a') in 0.004916 seconds 
========================================================================
Received Import Request.
  Time since last request: 0.488663 seconds.
  path: Assets/GPC/Shaders/Pr3 Completa/TimeLapse3.cs
  artifactKey: Guid(f986acf411608d441980913037ca360e) Importer(815301076,1909f56bfc062723c751e8b465ee728b)
Start importing Assets/GPC/Shaders/Pr3 Completa/TimeLapse3.cs using Guid(f986acf411608d441980913037ca360e) Importer(815301076,1909f56bfc062723c751e8b465ee728b)  -> (artifact id: 'c274f05d526e4795b8c8e18f9abffa6d') in 0.005551 seconds 
